

Version:	3.50
CmdLine:	D:\pemrograman komputer 11\AplikasiInventaris\App\PengelolaDataBarang.exe --l4j-debug
JNI:		No
WOW64:		Yes
Working dir:	D:\pemrograman komputer 11\AplikasiInventaris\App\.
Requires JDK:	No
Requires 64-Bit: No
Java min ver:	1.004.000
Java max ver:	
JRE paths:	jre
Check launcher:	D:\pemrograman komputer 11\AplikasiInventaris\App\jre\bin\javaw.exe (not found)
64-bit search:	SOFTWARE\JavaSoft\Java Runtime Environment...
32-bit search:	SOFTWARE\JavaSoft\Java Runtime Environment...
64-bit search:	SOFTWARE\JavaSoft\Java Development Kit...
32-bit search:	SOFTWARE\JavaSoft\Java Development Kit...
64-bit search:	SOFTWARE\JavaSoft\JRE...
32-bit search:	SOFTWARE\JavaSoft\JRE...
64-bit search:	SOFTWARE\JavaSoft\JDK...
Check:		SOFTWARE\JavaSoft\JDK\21
Version string: 1.021.000 / 64-Bit (OK)
Check launcher:	C:\Program Files\Java\jdk-21\bin\javaw.exe (not found)
Ignore:		1.021.000
Check:		SOFTWARE\JavaSoft\JDK\23
Version string: 1.023.000 / 64-Bit (OK)
Check launcher:	D:\pemrograman komputer 11\bin\javaw.exe (OK)
Match:		1.023.000
Runtime used:	1.023.000 (64-bit)
Launcher:	D:\pemrograman komputer 11\bin\javaw.exe
Launcher args:	-jar "D:\pemrograman komputer 11\AplikasiInventaris\App\PengelolaDataBarang.exe"
Args length:	80/32768 chars
Exit code:	0
